<?xml version="1.0" encoding="UTF-8"?>
<testsuite xmlns:xsi="http://www.w3.org/2001/XMLSchema-instance" xsi:schemaLocation="https://maven.apache.org/surefire/maven-surefire-plugin/xsd/surefire-test-report.xsd" name="com.mycompany.ejertestparam.FibonacciTest" time="0.696" tests="4" errors="0" skipped="0" failures="0">
  <properties>
[...]
</properties>
  <testcase name="testFibonacciMethod[0]" classname="com.mycompany.ejertestparam.FibonacciTest" time="0.007"/>
  <testcase name="testFibonacciMethod[1]" classname="com.mycompany.ejertestparam.FibonacciTest" time="0.001"/>
  <testcase name="testFibonacciMethod[2]" classname="com.mycompany.ejertestparam.FibonacciTest" time="0.004"/>
  <testcase name="testFibonacciMethod[3]" classname="com.mycompany.ejertestparam.FibonacciTest" time="0.001"/>
</testsuite>